2021-07-14T00:11:36.006Z - info: [ui] [AppStore] loading 0 repositories from store
2021-07-14T00:11:36.130Z - info: [ui] [Welcome] no sign in step found. ignoring...
2021-07-14T00:11:36.227Z - info: [ui] [Welcome] no sign in step found. ignoring...
2021-07-14T00:11:36.331Z - info: [ui] Opt in reported.
2021-07-14T00:11:36.490Z - info: [ui] launching: 2.9.0-linux2 (Linux 5.8.0-59-generic)
2021-07-14T00:11:36.498Z - info: [ui] execPath: '/usr/lib/github-desktop/github-desktop'
2021-07-14T00:11:36.516Z - info: [ui] [Welcome] no sign in step found. ignoring...
2021-07-14T00:11:36.946Z - info: [ui] [Welcome] no sign in step found. ignoring...
2021-07-14T00:11:38.918Z - info: [ui] [Welcome] advancing to step: SignInToDotComWithBrowser
2021-07-14T00:11:38.920Z - info: [ui] [SignInStore] initializing OAuth flow
2021-07-14T00:11:38.928Z - info: [main] opening in browser: https://github.com/login/oauth/authorize?client_id=3a723b10ac5575cc5bb9&scope=repo%20user%20workflow&state=8b62c14a-cca8-4c37-b91f-e7a393fe4de3
2021-07-14T00:11:38.930Z - info: [ui] [Welcome] current sign in state not found. ignoring...
2021-07-14T00:11:42.506Z - info: [ui] [Welcome] kind Authentication is the same as Authentication. ignoring...
2021-07-14T00:11:42.640Z - info: [ui] [Welcome] kind Authentication is the same as Authentication. ignoring...
2021-07-14T00:12:40.025Z - info: [ui] [Welcome] kind Authentication is the same as Authentication. ignoring...
2021-07-14T00:12:45.315Z - info: [ui] [Welcome] kind Authentication is the same as Authentication. ignoring...
2021-07-14T00:12:45.408Z - info: [ui] [Welcome] kind Authentication is the same as Authentication. ignoring...
2021-07-14T00:12:50.403Z - info: [main] Received possible protocol arguments: 2
2021-07-14T00:12:50.403Z - info: [main] Processing protocol url
2021-07-14T00:12:50.430Z - info: [ui] [Dispatcher] requesting authenticated user
2021-07-14T00:12:50.446Z - info: [ui] [Welcome] kind Authentication is the same as Authentication. ignoring...
2021-07-14T00:12:50.548Z - info: [ui] [Welcome] kind Authentication is the same as Authentication. ignoring...
2021-07-14T00:12:51.152Z - info: [ui] [SignInStore] account resolved
2021-07-14T00:12:51.153Z - info: [ui] [AppStore] adding account 0n1cOn3 (0n1cOn3) to store
2021-07-14T00:12:51.161Z - info: [ui] [Welcome] advancing to step: ConfigureGit
2021-07-14T00:12:51.711Z - info: [ui] [Welcome] no sign in step found. ignoring...
2021-07-14T00:12:52.643Z - info: [ui] [Welcome] no sign in step found. ignoring...
2021-07-14T00:12:56.443Z - info: [ui] [Welcome] no sign in step found. ignoring...
2021-07-14T00:12:56.527Z - info: [ui] [Welcome] no sign in step found. ignoring...
2021-07-14T00:12:56.560Z - info: [ui] [Welcome] no sign in step found. ignoring...
2021-07-14T00:12:57.367Z - info: [ui] [Welcome] no sign in step found. ignoring...
2021-07-14T00:13:21.212Z - info: [ui] [AppStore] adding repository at /home/server/Ubuinstaller2004 to store
2021-07-14T00:13:23.635Z - info: [ui] [BranchPruner] No branches to prune.
2021-07-14T00:13:39.292Z - info: [ui] Executing getWorkingDirectoryDiff: git diff --no-ext-diff --patch-with-raw -z --no-color --no-index -- /dev/null teamviewer_amd64.deb (took 1.476s)
2021-07-14T00:14:02.435Z - info: [ui] [AppStore.withAuthenticatingUser] account found for repository: UbuInstaller2004 - 0n1cOn3 (has token)
2021-07-14T00:14:03.493Z - info: [ui] [RepositoryIndicatorUpdater]: Refreshing sidebar indicators for 1 repositories took 1.1s of which 0.0s paused, total 1.1s
2021-07-14T00:14:06.187Z - info: [ui] [AppStore.withAuthenticatingUser] account found for repository: UbuInstaller2004 - 0n1cOn3 (has token)
2021-07-14T00:14:09.692Z - info: [ui] [Timing] Action 'create commit' for '0n1con3/UbuInstaller2004' took 0.957s
2021-07-14T00:14:11.435Z - info: [ui] [AppStore.withAuthenticatingUser] account found for repository: UbuInstaller2004 - 0n1cOn3 (has token)
2021-07-14T00:14:45.353Z - info: [ui] [BranchPruner] Last prune took place in a day - skipping
2021-07-14T00:14:47.357Z - info: [ui] Executing push: git -c credential.helper= -c protocol.version=2 push origin main:main --progress (took 35.790s)
2021-07-14T00:26:36.033Z - info: [ui] [AppStore.withAuthenticatingUser] account found for repository: UbuInstaller2004 - 0n1cOn3 (has token)
